The system is: Linux - 3.15.5-1-ARCH - x86_64
Compiling the C compiler identification source file "CMakeCCompilerId.c" succeeded.
Compiler: /usr/bin/cc 
Build flags: 
Id flags: 

The output was:
0


Compilation of the C compiler identification source "CMakeCCompilerId.c" produced "a.out"

The C compiler identification is GNU, found in "/home/tricks/Project/LinkC/NewServer/Build/CMakeFiles/3.0.0/CompilerIdC/a.out"

Compiling the CXX compiler identification source file "CMakeCXXCompilerId.cpp" succeeded.
Compiler: /usr/bin/c++ 
Build flags: 
Id flags: 

The output was:
0


Compilation of the CXX compiler identification source "CMakeCXXCompilerId.cpp" produced "a.out"

The CXX compiler identification is GNU, found in "/home/tricks/Project/LinkC/NewServer/Build/CMakeFiles/3.0.0/CompilerIdCXX/a.out"

Determining if the C compiler works passed with the following output:
Change Dir: /home/tricks/Project/LinkC/NewServer/Build/CMakeFiles/CMakeTmp

Run Build Command:"/usr/bin/make" "cmTryCompileExec722049985/fast"
/usr/bin/make -f CMakeFiles/cmTryCompileExec722049985.dir/build.make CMakeFiles/cmTryCompileExec722049985.dir/build
make[1]: Entering directory '/home/tricks/Project/LinkC/NewServer/Build/CMakeFiles/CMakeTmp'
/usr/bin/cmake -E cmake_progress_report /home/tricks/Project/LinkC/NewServer/Build/CMakeFiles/CMakeTmp/CMakeFiles 1
Building C object CMakeFiles/cmTryCompileExec722049985.dir/testCCompiler.c.o
/usr/bin/cc    -o CMakeFiles/cmTryCompileExec722049985.dir/testCCompiler.c.o   -c /home/tricks/Project/LinkC/NewServer/Build/CMakeFiles/CMakeTmp/testCCompiler.c
Linking C executable cmTryCompileExec722049985
/usr/bin/cmake -E cmake_link_script CMakeFiles/cmTryCompileExec722049985.dir/link.txt --verbose=1
/usr/bin/cc       CMakeFiles/cmTryCompileExec722049985.dir/testCCompiler.c.o  -o cmTryCompileExec722049985 -rdynamic 
make[1]: Leaving directory '/home/tricks/Project/LinkC/NewServer/Build/CMakeFiles/CMakeTmp'


Detecting C compiler ABI info compiled with the following output:
Change Dir: /home/tricks/Project/LinkC/NewServer/Build/CMakeFiles/CMakeTmp

Run Build Command:"/usr/bin/make" "cmTryCompileExec4030171987/fast"
/usr/bin/make -f CMakeFiles/cmTryCompileExec4030171987.dir/build.make CMakeFiles/cmTryCompileExec4030171987.dir/build
make[1]: Entering directory '/home/tricks/Project/LinkC/NewServer/Build/CMakeFiles/CMakeTmp'
/usr/bin/cmake -E cmake_progress_report /home/tricks/Project/LinkC/NewServer/Build/CMakeFiles/CMakeTmp/CMakeFiles 1
Building C object CMakeFiles/cmTryCompileExec4030171987.dir/CMakeCCompilerABI.c.o
/usr/bin/cc    -o CMakeFiles/cmTryCompileExec4030171987.dir/CMakeCCompilerABI.c.o   -c /usr/share/cmake-3.0/Modules/CMakeCCompilerABI.c
Linking C executable cmTryCompileExec4030171987
/usr/bin/cmake -E cmake_link_script CMakeFiles/cmTryCompileExec4030171987.dir/link.txt --verbose=1
/usr/bin/cc     -v CMakeFiles/cmTryCompileExec4030171987.dir/CMakeCCompilerABI.c.o  -o cmTryCompileExec4030171987 -rdynamic  
Using built-in specs.
COLLECT_GCC=/usr/bin/cc
COLLECT_LTO_WRAPPER=/usr/lib/gcc/x86_64-unknown-linux-gnu/4.9.0/lto-wrapper
Target: x86_64-unknown-linux-gnu
Configured with: /build/gcc/src/gcc-4.9-20140604/configure --prefix=/usr --libdir=/usr/lib --libexecdir=/usr/lib --mandir=/usr/share/man --infodir=/usr/share/info --with-bugurl=https://bugs.archlinux.org/ --enable-languages=c,c++,ada,fortran,go,lto,objc,obj-c++ --enable-shared --enable-threads=posix --with-system-zlib --enable-__cxa_atexit --disable-libunwind-exceptions --enable-clocale=gnu --disable-libstdcxx-pch --disable-libssp --enable-gnu-unique-object --enable-linker-build-id --enable-cloog-backend=isl --disable-isl-version-check --disable-cloog-version-check --enable-lto --enable-plugin --enable-install-libiberty --with-linker-hash-style=gnu --disable-multilib --disable-werror --enable-checking=release
Thread model: posix
gcc version 4.9.0 20140604 (prerelease) (GCC) 
COMPILER_PATH=/usr/lib/gcc/x86_64-unknown-linux-gnu/4.9.0/:/usr/lib/gcc/x86_64-unknown-linux-gnu/4.9.0/:/usr/lib/gcc/x86_64-unknown-linux-gnu/:/usr/lib/gcc/x86_64-unknown-linux-gnu/4.9.0/:/usr/lib/gcc/x86_64-unknown-linux-gnu/
LIBRARY_PATH=/usr/lib/gcc/x86_64-unknown-linux-gnu/4.9.0/:/usr/lib/gcc/x86_64-unknown-linux-gnu/4.9.0/../../../../lib/:/lib/../lib/:/usr/lib/../lib/:/usr/lib/gcc/x86_64-unknown-linux-gnu/4.9.0/../../../:/lib/:/usr/lib/
COLLECT_GCC_OPTIONS='-v' '-o' 'cmTryCompileExec4030171987' '-rdynamic' '-mtune=generic' '-march=x86-64'
 /usr/lib/gcc/x86_64-unknown-linux-gnu/4.9.0/collect2 -plugin /usr/lib/gcc/x86_64-unknown-linux-gnu/4.9.0/liblto_plugin.so -plugin-opt=/usr/lib/gcc/x86_64-unknown-linux-gnu/4.9.0/lto-wrapper -plugin-opt=-fresolution=/tmp/ccZ6M3TC.res -plugin-opt=-pass-through=-lgcc -plugin-opt=-pass-through=-lgcc_s -plugin-opt=-pass-through=-lc -plugin-opt=-pass-through=-lgcc -plugin-opt=-pass-through=-lgcc_s --build-id --eh-frame-hdr --hash-style=gnu -m elf_x86_64 -export-dynamic -dynamic-linker /lib64/ld-linux-x86-64.so.2 -o cmTryCompileExec4030171987 /usr/lib/gcc/x86_64-unknown-linux-gnu/4.9.0/../../../../lib/crt1.o /usr/lib/gcc/x86_64-unknown-linux-gnu/4.9.0/../../../../lib/crti.o /usr/lib/gcc/x86_64-unknown-linux-gnu/4.9.0/crtbegin.o -L/usr/lib/gcc/x86_64-unknown-linux-gnu/4.9.0 -L/usr/lib/gcc/x86_64-unknown-linux-gnu/4.9.0/../../../../lib -L/lib/../lib -L/usr/lib/../lib -L/usr/lib/gcc/x86_64-unknown-linux-gnu/4.9.0/../../.. CMakeFiles/cmTryCompileExec4030171987.dir/CMakeCCompilerABI.c.o -lgcc --as-needed -lgcc_s --no-as-needed -lc -lgcc --as-needed -lgcc_s --no-as-needed /usr/lib/gcc/x86_64-unknown-linux-gnu/4.9.0/crtend.o /usr/lib/gcc/x86_64-unknown-linux-gnu/4.9.0/../../../../lib/crtn.o
make[1]: Leaving directory '/home/tricks/Project/LinkC/NewServer/Build/CMakeFiles/CMakeTmp'


Parsed C implicit link information from above output:
  link line regex: [^( *|.*[/\])(ld|([^/\]+-)?ld|collect2)[^/\]*( |$)]
  ignore line: [Change Dir: /home/tricks/Project/LinkC/NewServer/Build/CMakeFiles/CMakeTmp]
  ignore line: []
  ignore line: [Run Build Command:"/usr/bin/make" "cmTryCompileExec4030171987/fast"]
  ignore line: [/usr/bin/make -f CMakeFiles/cmTryCompileExec4030171987.dir/build.make CMakeFiles/cmTryCompileExec4030171987.dir/build]
  ignore line: [make[1]: Entering directory '/home/tricks/Project/LinkC/NewServer/Build/CMakeFiles/CMakeTmp']
  ignore line: [/usr/bin/cmake -E cmake_progress_report /home/tricks/Project/LinkC/NewServer/Build/CMakeFiles/CMakeTmp/CMakeFiles 1]
  ignore line: [Building C object CMakeFiles/cmTryCompileExec4030171987.dir/CMakeCCompilerABI.c.o]
  ignore line: [/usr/bin/cc    -o CMakeFiles/cmTryCompileExec4030171987.dir/CMakeCCompilerABI.c.o   -c /usr/share/cmake-3.0/Modules/CMakeCCompilerABI.c]
  ignore line: [Linking C executable cmTryCompileExec4030171987]
  ignore line: [/usr/bin/cmake -E cmake_link_script CMakeFiles/cmTryCompileExec4030171987.dir/link.txt --verbose=1]
  ignore line: [/usr/bin/cc     -v CMakeFiles/cmTryCompileExec4030171987.dir/CMakeCCompilerABI.c.o  -o cmTryCompileExec4030171987 -rdynamic  ]
  ignore line: [Using built-in specs.]
  ignore line: [COLLECT_GCC=/usr/bin/cc]
  ignore line: [COLLECT_LTO_WRAPPER=/usr/lib/gcc/x86_64-unknown-linux-gnu/4.9.0/lto-wrapper]
  ignore line: [Target: x86_64-unknown-linux-gnu]
  ignore line: [Configured with: /build/gcc/src/gcc-4.9-20140604/configure --prefix=/usr --libdir=/usr/lib --libexecdir=/usr/lib --mandir=/usr/share/man --infodir=/usr/share/info --with-bugurl=https://bugs.archlinux.org/ --enable-languages=c,c++,ada,fortran,go,lto,objc,obj-c++ --enable-shared --enable-threads=posix --with-system-zlib --enable-__cxa_atexit --disable-libunwind-exceptions --enable-clocale=gnu --disable-libstdcxx-pch --disable-libssp --enable-gnu-unique-object --enable-linker-build-id --enable-cloog-backend=isl --disable-isl-version-check --disable-cloog-version-check --enable-lto --enable-plugin --enable-install-libiberty --with-linker-hash-style=gnu --disable-multilib --disable-werror --enable-checking=release]
  ignore line: [Thread model: posix]
  ignore line: [gcc version 4.9.0 20140604 (prerelease) (GCC) ]
  ignore line: [COMPILER_PATH=/usr/lib/gcc/x86_64-unknown-linux-gnu/4.9.0/:/usr/lib/gcc/x86_64-unknown-linux-gnu/4.9.0/:/usr/lib/gcc/x86_64-unknown-linux-gnu/:/usr/lib/gcc/x86_64-unknown-linux-gnu/4.9.0/:/usr/lib/gcc/x86_64-unknown-linux-gnu/]
  ignore line: [LIBRARY_PATH=/usr/lib/gcc/x86_64-unknown-linux-gnu/4.9.0/:/usr/lib/gcc/x86_64-unknown-linux-gnu/4.9.0/../../../../lib/:/lib/../lib/:/usr/lib/../lib/:/usr/lib/gcc/x86_64-unknown-linux-gnu/4.9.0/../../../:/lib/:/usr/lib/]
  ignore line: [COLLECT_GCC_OPTIONS='-v' '-o' 'cmTryCompileExec4030171987' '-rdynamic' '-mtune=generic' '-march=x86-64']
  link line: [ /usr/lib/gcc/x86_64-unknown-linux-gnu/4.9.0/collect2 -plugin /usr/lib/gcc/x86_64-unknown-linux-gnu/4.9.0/liblto_plugin.so -plugin-opt=/usr/lib/gcc/x86_64-unknown-linux-gnu/4.9.0/lto-wrapper -plugin-opt=-fresolution=/tmp/ccZ6M3TC.res -plugin-opt=-pass-through=-lgcc -plugin-opt=-pass-through=-lgcc_s -plugin-opt=-pass-through=-lc -plugin-opt=-pass-through=-lgcc -plugin-opt=-pass-through=-lgcc_s --build-id --eh-frame-hdr --hash-style=gnu -m elf_x86_64 -export-dynamic -dynamic-linker /lib64/ld-linux-x86-64.so.2 -o cmTryCompileExec4030171987 /usr/lib/gcc/x86_64-unknown-linux-gnu/4.9.0/../../../../lib/crt1.o /usr/lib/gcc/x86_64-unknown-linux-gnu/4.9.0/../../../../lib/crti.o /usr/lib/gcc/x86_64-unknown-linux-gnu/4.9.0/crtbegin.o -L/usr/lib/gcc/x86_64-unknown-linux-gnu/4.9.0 -L/usr/lib/gcc/x86_64-unknown-linux-gnu/4.9.0/../../../../lib -L/lib/../lib -L/usr/lib/../lib -L/usr/lib/gcc/x86_64-unknown-linux-gnu/4.9.0/../../.. CMakeFiles/cmTryCompileExec4030171987.dir/CMakeCCompilerABI.c.o -lgcc --as-needed -lgcc_s --no-as-needed -lc -lgcc --as-needed -lgcc_s --no-as-needed /usr/lib/gcc/x86_64-unknown-linux-gnu/4.9.0/crtend.o /usr/lib/gcc/x86_64-unknown-linux-gnu/4.9.0/../../../../lib/crtn.o]
    arg [/usr/lib/gcc/x86_64-unknown-linux-gnu/4.9.0/collect2] ==> ignore
    arg [-plugin] ==> ignore
    arg [/usr/lib/gcc/x86_64-unknown-linux-gnu/4.9.0/liblto_plugin.so] ==> ignore
    arg [-plugin-opt=/usr/lib/gcc/x86_64-unknown-linux-gnu/4.9.0/lto-wrapper] ==> ignore
    arg [-plugin-opt=-fresolution=/tmp/ccZ6M3TC.res] ==> ignore
    arg [-plugin-opt=-pass-through=-lgcc] ==> ignore
    arg [-plugin-opt=-pass-through=-lgcc_s] ==> ignore
    arg [-plugin-opt=-pass-through=-lc] ==> ignore
    arg [-plugin-opt=-pass-through=-lgcc] ==> ignore
    arg [-plugin-opt=-pass-through=-lgcc_s] ==> ignore
    arg [--build-id] ==> ignore
    arg [--eh-frame-hdr] ==> ignore
    arg [--hash-style=gnu] ==> ignore
    arg [-m] ==> ignore
    arg [elf_x86_64] ==> ignore
    arg [-export-dynamic] ==> ignore
    arg [-dynamic-linker] ==> ignore
    arg [/lib64/ld-linux-x86-64.so.2] ==> ignore
    arg [-o] ==> ignore
    arg [cmTryCompileExec4030171987] ==> ignore
    arg [/usr/lib/gcc/x86_64-unknown-linux-gnu/4.9.0/../../../../lib/crt1.o] ==> ignore
    arg [/usr/lib/gcc/x86_64-unknown-linux-gnu/4.9.0/../../../../lib/crti.o] ==> ignore
    arg [/usr/lib/gcc/x86_64-unknown-linux-gnu/4.9.0/crtbegin.o] ==> ignore
    arg [-L/usr/lib/gcc/x86_64-unknown-linux-gnu/4.9.0] ==> dir [/usr/lib/gcc/x86_64-unknown-linux-gnu/4.9.0]
    arg [-L/usr/lib/gcc/x86_64-unknown-linux-gnu/4.9.0/../../../../lib] ==> dir [/usr/lib/gcc/x86_64-unknown-linux-gnu/4.9.0/../../../../lib]
    arg [-L/lib/../lib] ==> dir [/lib/../lib]
    arg [-L/usr/lib/../lib] ==> dir [/usr/lib/../lib]
    arg [-L/usr/lib/gcc/x86_64-unknown-linux-gnu/4.9.0/../../..] ==> dir [/usr/lib/gcc/x86_64-unknown-linux-gnu/4.9.0/../../..]
    arg [CMakeFiles/cmTryCompileExec4030171987.dir/CMakeCCompilerABI.c.o] ==> ignore
    arg [-lgcc] ==> lib [gcc]
    arg [--as-needed] ==> ignore
    arg [-lgcc_s] ==> lib [gcc_s]
    arg [--no-as-needed] ==> ignore
    arg [-lc] ==> lib [c]
    arg [-lgcc] ==> lib [gcc]
    arg [--as-needed] ==> ignore
    arg [-lgcc_s] ==> lib [gcc_s]
    arg [--no-as-needed] ==> ignore
    arg [/usr/lib/gcc/x86_64-unknown-linux-gnu/4.9.0/crtend.o] ==> ignore
    arg [/usr/lib/gcc/x86_64-unknown-linux-gnu/4.9.0/../../../../lib/crtn.o] ==> ignore
  remove lib [gcc]
  remove lib [gcc_s]
  remove lib [gcc]
  remove lib [gcc_s]
  collapse library dir [/usr/lib/gcc/x86_64-unknown-linux-gnu/4.9.0] ==> [/usr/lib/gcc/x86_64-unknown-linux-gnu/4.9.0]
  collapse library dir [/usr/lib/gcc/x86_64-unknown-linux-gnu/4.9.0/../../../../lib] ==> [/usr/lib]
  collapse library dir [/lib/../lib] ==> [/lib]
  collapse library dir [/usr/lib/../lib] ==> [/usr/lib]
  collapse library dir [/usr/lib/gcc/x86_64-unknown-linux-gnu/4.9.0/../../..] ==> [/usr/lib]
  implicit libs: [c]
  implicit dirs: [/usr/lib/gcc/x86_64-unknown-linux-gnu/4.9.0;/usr/lib;/lib]
  implicit fwks: []


Determining if the CXX compiler works passed with the following output:
Change Dir: /home/tricks/Project/LinkC/NewServer/Build/CMakeFiles/CMakeTmp

Run Build Command:"/usr/bin/make" "cmTryCompileExec163049653/fast"
/usr/bin/make -f CMakeFiles/cmTryCompileExec163049653.dir/build.make CMakeFiles/cmTryCompileExec163049653.dir/build
make[1]: Entering directory '/home/tricks/Project/LinkC/NewServer/Build/CMakeFiles/CMakeTmp'
/usr/bin/cmake -E cmake_progress_report /home/tricks/Project/LinkC/NewServer/Build/CMakeFiles/CMakeTmp/CMakeFiles 1
Building CXX object CMakeFiles/cmTryCompileExec163049653.dir/testCXXCompiler.cxx.o
/usr/bin/c++     -o CMakeFiles/cmTryCompileExec163049653.dir/testCXXCompiler.cxx.o -c /home/tricks/Project/LinkC/NewServer/Build/CMakeFiles/CMakeTmp/testCXXCompiler.cxx
Linking CXX executable cmTryCompileExec163049653
/usr/bin/cmake -E cmake_link_script CMakeFiles/cmTryCompileExec163049653.dir/link.txt --verbose=1
/usr/bin/c++        CMakeFiles/cmTryCompileExec163049653.dir/testCXXCompiler.cxx.o  -o cmTryCompileExec163049653 -rdynamic 
make[1]: Leaving directory '/home/tricks/Project/LinkC/NewServer/Build/CMakeFiles/CMakeTmp'


Detecting CXX compiler ABI info compiled with the following output:
Change Dir: /home/tricks/Project/LinkC/NewServer/Build/CMakeFiles/CMakeTmp

Run Build Command:"/usr/bin/make" "cmTryCompileExec1988150588/fast"
/usr/bin/make -f CMakeFiles/cmTryCompileExec1988150588.dir/build.make CMakeFiles/cmTryCompileExec1988150588.dir/build
make[1]: Entering directory '/home/tricks/Project/LinkC/NewServer/Build/CMakeFiles/CMakeTmp'
/usr/bin/cmake -E cmake_progress_report /home/tricks/Project/LinkC/NewServer/Build/CMakeFiles/CMakeTmp/CMakeFiles 1
Building CXX object CMakeFiles/cmTryCompileExec1988150588.dir/CMakeCXXCompilerABI.cpp.o
/usr/bin/c++     -o CMakeFiles/cmTryCompileExec1988150588.dir/CMakeCXXCompilerABI.cpp.o -c /usr/share/cmake-3.0/Modules/CMakeCXXCompilerABI.cpp
Linking CXX executable cmTryCompileExec1988150588
/usr/bin/cmake -E cmake_link_script CMakeFiles/cmTryCompileExec1988150588.dir/link.txt --verbose=1
/usr/bin/c++      -v CMakeFiles/cmTryCompileExec1988150588.dir/CMakeCXXCompilerABI.cpp.o  -o cmTryCompileExec1988150588 -rdynamic  
Using built-in specs.
COLLECT_GCC=/usr/bin/c++
COLLECT_LTO_WRAPPER=/usr/lib/gcc/x86_64-unknown-linux-gnu/4.9.0/lto-wrapper
Target: x86_64-unknown-linux-gnu
Configured with: /build/gcc/src/gcc-4.9-20140604/configure --prefix=/usr --libdir=/usr/lib --libexecdir=/usr/lib --mandir=/usr/share/man --infodir=/usr/share/info --with-bugurl=https://bugs.archlinux.org/ --enable-languages=c,c++,ada,fortran,go,lto,objc,obj-c++ --enable-shared --enable-threads=posix --with-system-zlib --enable-__cxa_atexit --disable-libunwind-exceptions --enable-clocale=gnu --disable-libstdcxx-pch --disable-libssp --enable-gnu-unique-object --enable-linker-build-id --enable-cloog-backend=isl --disable-isl-version-check --disable-cloog-version-check --enable-lto --enable-plugin --enable-install-libiberty --with-linker-hash-style=gnu --disable-multilib --disable-werror --enable-checking=release
Thread model: posix
gcc version 4.9.0 20140604 (prerelease) (GCC) 
COMPILER_PATH=/usr/lib/gcc/x86_64-unknown-linux-gnu/4.9.0/:/usr/lib/gcc/x86_64-unknown-linux-gnu/4.9.0/:/usr/lib/gcc/x86_64-unknown-linux-gnu/:/usr/lib/gcc/x86_64-unknown-linux-gnu/4.9.0/:/usr/lib/gcc/x86_64-unknown-linux-gnu/
LIBRARY_PATH=/usr/lib/gcc/x86_64-unknown-linux-gnu/4.9.0/:/usr/lib/gcc/x86_64-unknown-linux-gnu/4.9.0/../../../../lib/:/lib/../lib/:/usr/lib/../lib/:/usr/lib/gcc/x86_64-unknown-linux-gnu/4.9.0/../../../:/lib/:/usr/lib/
COLLECT_GCC_OPTIONS='-v' '-o' 'cmTryCompileExec1988150588' '-rdynamic' '-shared-libgcc' '-mtune=generic' '-march=x86-64'
 /usr/lib/gcc/x86_64-unknown-linux-gnu/4.9.0/collect2 -plugin /usr/lib/gcc/x86_64-unknown-linux-gnu/4.9.0/liblto_plugin.so -plugin-opt=/usr/lib/gcc/x86_64-unknown-linux-gnu/4.9.0/lto-wrapper -plugin-opt=-fresolution=/tmp/cco8GNWR.res -plugin-opt=-pass-through=-lgcc_s -plugin-opt=-pass-through=-lgcc -plugin-opt=-pass-through=-lc -plugin-opt=-pass-through=-lgcc_s -plugin-opt=-pass-through=-lgcc --build-id --eh-frame-hdr --hash-style=gnu -m elf_x86_64 -export-dynamic -dynamic-linker /lib64/ld-linux-x86-64.so.2 -o cmTryCompileExec1988150588 /usr/lib/gcc/x86_64-unknown-linux-gnu/4.9.0/../../../../lib/crt1.o /usr/lib/gcc/x86_64-unknown-linux-gnu/4.9.0/../../../../lib/crti.o /usr/lib/gcc/x86_64-unknown-linux-gnu/4.9.0/crtbegin.o -L/usr/lib/gcc/x86_64-unknown-linux-gnu/4.9.0 -L/usr/lib/gcc/x86_64-unknown-linux-gnu/4.9.0/../../../../lib -L/lib/../lib -L/usr/lib/../lib -L/usr/lib/gcc/x86_64-unknown-linux-gnu/4.9.0/../../.. CMakeFiles/cmTryCompileExec1988150588.dir/CMakeCXXCompilerABI.cpp.o -lstdc++ -lm -lgcc_s -lgcc -lc -lgcc_s -lgcc /usr/lib/gcc/x86_64-unknown-linux-gnu/4.9.0/crtend.o /usr/lib/gcc/x86_64-unknown-linux-gnu/4.9.0/../../../../lib/crtn.o
make[1]: Leaving directory '/home/tricks/Project/LinkC/NewServer/Build/CMakeFiles/CMakeTmp'


Parsed CXX implicit link information from above output:
  link line regex: [^( *|.*[/\])(ld|([^/\]+-)?ld|collect2)[^/\]*( |$)]
  ignore line: [Change Dir: /home/tricks/Project/LinkC/NewServer/Build/CMakeFiles/CMakeTmp]
  ignore line: []
  ignore line: [Run Build Command:"/usr/bin/make" "cmTryCompileExec1988150588/fast"]
  ignore line: [/usr/bin/make -f CMakeFiles/cmTryCompileExec1988150588.dir/build.make CMakeFiles/cmTryCompileExec1988150588.dir/build]
  ignore line: [make[1]: Entering directory '/home/tricks/Project/LinkC/NewServer/Build/CMakeFiles/CMakeTmp']
  ignore line: [/usr/bin/cmake -E cmake_progress_report /home/tricks/Project/LinkC/NewServer/Build/CMakeFiles/CMakeTmp/CMakeFiles 1]
  ignore line: [Building CXX object CMakeFiles/cmTryCompileExec1988150588.dir/CMakeCXXCompilerABI.cpp.o]
  ignore line: [/usr/bin/c++     -o CMakeFiles/cmTryCompileExec1988150588.dir/CMakeCXXCompilerABI.cpp.o -c /usr/share/cmake-3.0/Modules/CMakeCXXCompilerABI.cpp]
  ignore line: [Linking CXX executable cmTryCompileExec1988150588]
  ignore line: [/usr/bin/cmake -E cmake_link_script CMakeFiles/cmTryCompileExec1988150588.dir/link.txt --verbose=1]
  ignore line: [/usr/bin/c++      -v CMakeFiles/cmTryCompileExec1988150588.dir/CMakeCXXCompilerABI.cpp.o  -o cmTryCompileExec1988150588 -rdynamic  ]
  ignore line: [Using built-in specs.]
  ignore line: [COLLECT_GCC=/usr/bin/c++]
  ignore line: [COLLECT_LTO_WRAPPER=/usr/lib/gcc/x86_64-unknown-linux-gnu/4.9.0/lto-wrapper]
  ignore line: [Target: x86_64-unknown-linux-gnu]
  ignore line: [Configured with: /build/gcc/src/gcc-4.9-20140604/configure --prefix=/usr --libdir=/usr/lib --libexecdir=/usr/lib --mandir=/usr/share/man --infodir=/usr/share/info --with-bugurl=https://bugs.archlinux.org/ --enable-languages=c,c++,ada,fortran,go,lto,objc,obj-c++ --enable-shared --enable-threads=posix --with-system-zlib --enable-__cxa_atexit --disable-libunwind-exceptions --enable-clocale=gnu --disable-libstdcxx-pch --disable-libssp --enable-gnu-unique-object --enable-linker-build-id --enable-cloog-backend=isl --disable-isl-version-check --disable-cloog-version-check --enable-lto --enable-plugin --enable-install-libiberty --with-linker-hash-style=gnu --disable-multilib --disable-werror --enable-checking=release]
  ignore line: [Thread model: posix]
  ignore line: [gcc version 4.9.0 20140604 (prerelease) (GCC) ]
  ignore line: [COMPILER_PATH=/usr/lib/gcc/x86_64-unknown-linux-gnu/4.9.0/:/usr/lib/gcc/x86_64-unknown-linux-gnu/4.9.0/:/usr/lib/gcc/x86_64-unknown-linux-gnu/:/usr/lib/gcc/x86_64-unknown-linux-gnu/4.9.0/:/usr/lib/gcc/x86_64-unknown-linux-gnu/]
  ignore line: [LIBRARY_PATH=/usr/lib/gcc/x86_64-unknown-linux-gnu/4.9.0/:/usr/lib/gcc/x86_64-unknown-linux-gnu/4.9.0/../../../../lib/:/lib/../lib/:/usr/lib/../lib/:/usr/lib/gcc/x86_64-unknown-linux-gnu/4.9.0/../../../:/lib/:/usr/lib/]
  ignore line: [COLLECT_GCC_OPTIONS='-v' '-o' 'cmTryCompileExec1988150588' '-rdynamic' '-shared-libgcc' '-mtune=generic' '-march=x86-64']
  link line: [ /usr/lib/gcc/x86_64-unknown-linux-gnu/4.9.0/collect2 -plugin /usr/lib/gcc/x86_64-unknown-linux-gnu/4.9.0/liblto_plugin.so -plugin-opt=/usr/lib/gcc/x86_64-unknown-linux-gnu/4.9.0/lto-wrapper -plugin-opt=-fresolution=/tmp/cco8GNWR.res -plugin-opt=-pass-through=-lgcc_s -plugin-opt=-pass-through=-lgcc -plugin-opt=-pass-through=-lc -plugin-opt=-pass-through=-lgcc_s -plugin-opt=-pass-through=-lgcc --build-id --eh-frame-hdr --hash-style=gnu -m elf_x86_64 -export-dynamic -dynamic-linker /lib64/ld-linux-x86-64.so.2 -o cmTryCompileExec1988150588 /usr/lib/gcc/x86_64-unknown-linux-gnu/4.9.0/../../../../lib/crt1.o /usr/lib/gcc/x86_64-unknown-linux-gnu/4.9.0/../../../../lib/crti.o /usr/lib/gcc/x86_64-unknown-linux-gnu/4.9.0/crtbegin.o -L/usr/lib/gcc/x86_64-unknown-linux-gnu/4.9.0 -L/usr/lib/gcc/x86_64-unknown-linux-gnu/4.9.0/../../../../lib -L/lib/../lib -L/usr/lib/../lib -L/usr/lib/gcc/x86_64-unknown-linux-gnu/4.9.0/../../.. CMakeFiles/cmTryCompileExec1988150588.dir/CMakeCXXCompilerABI.cpp.o -lstdc++ -lm -lgcc_s -lgcc -lc -lgcc_s -lgcc /usr/lib/gcc/x86_64-unknown-linux-gnu/4.9.0/crtend.o /usr/lib/gcc/x86_64-unknown-linux-gnu/4.9.0/../../../../lib/crtn.o]
    arg [/usr/lib/gcc/x86_64-unknown-linux-gnu/4.9.0/collect2] ==> ignore
    arg [-plugin] ==> ignore
    arg [/usr/lib/gcc/x86_64-unknown-linux-gnu/4.9.0/liblto_plugin.so] ==> ignore
    arg [-plugin-opt=/usr/lib/gcc/x86_64-unknown-linux-gnu/4.9.0/lto-wrapper] ==> ignore
    arg [-plugin-opt=-fresolution=/tmp/cco8GNWR.res] ==> ignore
    arg [-plugin-opt=-pass-through=-lgcc_s] ==> ignore
    arg [-plugin-opt=-pass-through=-lgcc] ==> ignore
    arg [-plugin-opt=-pass-through=-lc] ==> ignore
    arg [-plugin-opt=-pass-through=-lgcc_s] ==> ignore
    arg [-plugin-opt=-pass-through=-lgcc] ==> ignore
    arg [--build-id] ==> ignore
    arg [--eh-frame-hdr] ==> ignore
    arg [--hash-style=gnu] ==> ignore
    arg [-m] ==> ignore
    arg [elf_x86_64] ==> ignore
    arg [-export-dynamic] ==> ignore
    arg [-dynamic-linker] ==> ignore
    arg [/lib64/ld-linux-x86-64.so.2] ==> ignore
    arg [-o] ==> ignore
    arg [cmTryCompileExec1988150588] ==> ignore
    arg [/usr/lib/gcc/x86_64-unknown-linux-gnu/4.9.0/../../../../lib/crt1.o] ==> ignore
    arg [/usr/lib/gcc/x86_64-unknown-linux-gnu/4.9.0/../../../../lib/crti.o] ==> ignore
    arg [/usr/lib/gcc/x86_64-unknown-linux-gnu/4.9.0/crtbegin.o] ==> ignore
    arg [-L/usr/lib/gcc/x86_64-unknown-linux-gnu/4.9.0] ==> dir [/usr/lib/gcc/x86_64-unknown-linux-gnu/4.9.0]
    arg [-L/usr/lib/gcc/x86_64-unknown-linux-gnu/4.9.0/../../../../lib] ==> dir [/usr/lib/gcc/x86_64-unknown-linux-gnu/4.9.0/../../../../lib]
    arg [-L/lib/../lib] ==> dir [/lib/../lib]
    arg [-L/usr/lib/../lib] ==> dir [/usr/lib/../lib]
    arg [-L/usr/lib/gcc/x86_64-unknown-linux-gnu/4.9.0/../../..] ==> dir [/usr/lib/gcc/x86_64-unknown-linux-gnu/4.9.0/../../..]
    arg [CMakeFiles/cmTryCompileExec1988150588.dir/CMakeCXXCompilerABI.cpp.o] ==> ignore
    arg [-lstdc++] ==> lib [stdc++]
    arg [-lm] ==> lib [m]
    arg [-lgcc_s] ==> lib [gcc_s]
    arg [-lgcc] ==> lib [gcc]
    arg [-lc] ==> lib [c]
    arg [-lgcc_s] ==> lib [gcc_s]
    arg [-lgcc] ==> lib [gcc]
    arg [/usr/lib/gcc/x86_64-unknown-linux-gnu/4.9.0/crtend.o] ==> ignore
    arg [/usr/lib/gcc/x86_64-unknown-linux-gnu/4.9.0/../../../../lib/crtn.o] ==> ignore
  remove lib [gcc_s]
  remove lib [gcc]
  remove lib [gcc_s]
  remove lib [gcc]
  collapse library dir [/usr/lib/gcc/x86_64-unknown-linux-gnu/4.9.0] ==> [/usr/lib/gcc/x86_64-unknown-linux-gnu/4.9.0]
  collapse library dir [/usr/lib/gcc/x86_64-unknown-linux-gnu/4.9.0/../../../../lib] ==> [/usr/lib]
  collapse library dir [/lib/../lib] ==> [/lib]
  collapse library dir [/usr/lib/../lib] ==> [/usr/lib]
  collapse library dir [/usr/lib/gcc/x86_64-unknown-linux-gnu/4.9.0/../../..] ==> [/usr/lib]
  implicit libs: [stdc++;m;c]
  implicit dirs: [/usr/lib/gcc/x86_64-unknown-linux-gnu/4.9.0;/usr/lib;/lib]
  implicit fwks: []


