This file contains any messages produced by compilers while
running configure, to aid debugging if configure makes a mistake.

It was created by Linkc_Server configure 1.0, which was
generated by GNU Autoconf 2.69.  Invocation command line was

  $ ./configure --no-create --no-recursion

## --------- ##
## Platform. ##
## --------- ##

hostname = Home
uname -m = i686
uname -r = 3.10-3-686-pae
uname -s = Linux
uname -v = #1 SMP Debian 3.10.11-1 (2013-09-10)

/usr/bin/uname -p = unknown
/bin/uname -X     = unknown

/bin/arch              = unknown
/usr/bin/arch -k       = unknown
/usr/convex/getsysinfo = unknown
/usr/bin/hostinfo      = unknown
/bin/machine           = unknown
/usr/bin/oslevel       = unknown
/bin/universe          = unknown

PATH: /usr/local/bin
PATH: /usr/bin
PATH: /bin
PATH: /usr/local/games
PATH: /usr/games


## ----------- ##
## Core tests. ##
## ----------- ##

configure:2372: checking for a BSD-compatible install
configure:2440: result: /usr/bin/install -c
configure:2451: checking whether build environment is sane
configure:2506: result: yes
configure:2657: checking for a thread-safe mkdir -p
configure:2696: result: /bin/mkdir -p
configure:2703: checking for gawk
configure:2719: found /usr/bin/gawk
configure:2730: result: gawk
configure:2741: checking whether make sets $(MAKE)
configure:2763: result: yes
configure:2792: checking whether make supports nested variables
configure:2809: result: yes
configure:2987: checking for gcc
configure:3003: found /usr/bin/gcc
configure:3014: result: gcc
configure:3243: checking for C compiler version
configure:3252: gcc --version >&5
gcc (Debian 4.8.2-16) 4.8.2
Copyright (C) 2013 Free Software Foundation, Inc.
This is free software; see the source for copying conditions.  There is NO
warranty; not even for MERCHANTABILITY or FITNESS FOR A PARTICULAR PURPOSE.

configure:3263: $? = 0
configure:3252: gcc -v >&5
Using built-in specs.
COLLECT_GCC=gcc
COLLECT_LTO_WRAPPER=/usr/lib/gcc/i486-linux-gnu/4.8/lto-wrapper
Target: i486-linux-gnu
Configured with: ../src/configure -v --with-pkgversion='Debian 4.8.2-16' --with-bugurl=file:///usr/share/doc/gcc-4.8/README.Bugs --enable-languages=c,c++,java,go,d,fortran,objc,obj-c++ --prefix=/usr --program-suffix=-4.8 --enable-shared --enable-linker-build-id --libexecdir=/usr/lib --without-included-gettext --enable-threads=posix --with-gxx-include-dir=/usr/include/c++/4.8 --libdir=/usr/lib --enable-nls --with-sysroot=/ --enable-clocale=gnu --enable-libstdcxx-debug --enable-libstdcxx-time=yes --enable-gnu-unique-object --disable-libmudflap --enable-plugin --with-system-zlib --disable-browser-plugin --enable-java-awt=gtk --enable-gtk-cairo --with-java-home=/usr/lib/jvm/java-1.5.0-gcj-4.8-i386/jre --enable-java-home --with-jvm-root-dir=/usr/lib/jvm/java-1.5.0-gcj-4.8-i386 --with-jvm-jar-dir=/usr/lib/jvm-exports/java-1.5.0-gcj-4.8-i386 --with-arch-directory=i386 --with-ecj-jar=/usr/share/java/eclipse-ecj.jar --enable-objc-gc --enable-targets=all --enable-multiarch --with-arch-32=i586 --with-multilib-list=m32,m64,mx32 --with-tune=generic --enable-checking=release --build=i486-linux-gnu --host=i486-linux-gnu --target=i486-linux-gnu
Thread model: posix
gcc version 4.8.2 (Debian 4.8.2-16) 
configure:3263: $? = 0
configure:3252: gcc -V >&5
gcc: error: unrecognized command line option '-V'
gcc: fatal error: no input files
compilation terminated.
configure:3263: $? = 4
configure:3252: gcc -qversion >&5
gcc: error: unrecognized command line option '-qversion'
gcc: fatal error: no input files
compilation terminated.
configure:3263: $? = 4
configure:3283: checking whether the C compiler works
configure:3305: gcc    conftest.c  >&5
configure:3309: $? = 0
configure:3357: result: yes
configure:3360: checking for C compiler default output file name
configure:3362: result: a.out
configure:3368: checking for suffix of executables
configure:3375: gcc -o conftest    conftest.c  >&5
configure:3379: $? = 0
configure:3401: result: 
configure:3423: checking whether we are cross compiling
configure:3431: gcc -o conftest    conftest.c  >&5
configure:3435: $? = 0
configure:3442: ./conftest
configure:3446: $? = 0
configure:3461: result: no
configure:3466: checking for suffix of object files
configure:3488: gcc -c   conftest.c >&5
configure:3492: $? = 0
configure:3513: result: o
configure:3517: checking whether we are using the GNU C compiler
configure:3536: gcc -c   conftest.c >&5
configure:3536: $? = 0
configure:3545: result: yes
configure:3554: checking whether gcc accepts -g
configure:3574: gcc -c -g  conftest.c >&5
configure:3574: $? = 0
configure:3615: result: yes
configure:3632: checking for gcc option to accept ISO C89
configure:3695: gcc  -c -g -O2  conftest.c >&5
configure:3695: $? = 0
configure:3708: result: none needed
configure:3733: checking whether gcc understands -c and -o together
configure:3755: gcc -c conftest.c -o conftest2.o
configure:3758: $? = 0
configure:3755: gcc -c conftest.c -o conftest2.o
configure:3758: $? = 0
configure:3770: result: yes
configure:3798: checking for style of include used by make
configure:3826: result: GNU
configure:3852: checking dependency style of gcc
configure:3963: result: gcc3
configure:3982: checking for main in -lpthread
configure:4001: gcc -o conftest -g -O2   conftest.c -lpthread   >&5
configure:4001: $? = 0
configure:4010: result: yes
configure:4022: checking for main in -lsqlite3
configure:4041: gcc -o conftest -g -O2   conftest.c -lsqlite3  -lpthread  >&5
configure:4041: $? = 0
configure:4050: result: yes
configure:4068: checking how to run the C preprocessor
configure:4099: gcc -E  conftest.c
configure:4099: $? = 0
configure:4113: gcc -E  conftest.c
conftest.c:13:28: fatal error: ac_nonexistent.h: No such file or directory
 #include <ac_nonexistent.h>
                            ^
compilation terminated.
configure:4113: $? = 1
configure: failed program was:
| /* confdefs.h */
| #define PACKAGE_NAME "Linkc_Server"
| #define PACKAGE_TARNAME "linkc_server"
| #define PACKAGE_VERSION "1.0"
| #define PACKAGE_STRING "Linkc_Server 1.0"
| #define PACKAGE_BUGREPORT "564691478@qq.com"
| #define PACKAGE_URL ""
| #define PACKAGE "linkc_server"
| #define VERSION "1.0"
| #define HAVE_LIBPTHREAD 1
| #define HAVE_LIBSQLITE3 1
| /* end confdefs.h.  */
| #include <ac_nonexistent.h>
configure:4138: result: gcc -E
configure:4158: gcc -E  conftest.c
configure:4158: $? = 0
configure:4172: gcc -E  conftest.c
conftest.c:13:28: fatal error: ac_nonexistent.h: No such file or directory
 #include <ac_nonexistent.h>
                            ^
compilation terminated.
configure:4172: $? = 1
configure: failed program was:
| /* confdefs.h */
| #define PACKAGE_NAME "Linkc_Server"
| #define PACKAGE_TARNAME "linkc_server"
| #define PACKAGE_VERSION "1.0"
| #define PACKAGE_STRING "Linkc_Server 1.0"
| #define PACKAGE_BUGREPORT "564691478@qq.com"
| #define PACKAGE_URL ""
| #define PACKAGE "linkc_server"
| #define VERSION "1.0"
| #define HAVE_LIBPTHREAD 1
| #define HAVE_LIBSQLITE3 1
| /* end confdefs.h.  */
| #include <ac_nonexistent.h>
configure:4201: checking for grep that handles long lines and -e
configure:4259: result: /bin/grep
configure:4264: checking for egrep
configure:4326: result: /bin/grep -E
configure:4331: checking for ANSI C header files
configure:4351: gcc -c -g -O2  conftest.c >&5
configure:4351: $? = 0
configure:4424: gcc -o conftest -g -O2   conftest.c -lsqlite3 -lpthread  >&5
configure:4424: $? = 0
configure:4424: ./conftest
configure:4424: $? = 0
configure:4435: result: yes
configure:4448: checking for sys/types.h
configure:4448: gcc -c -g -O2  conftest.c >&5
configure:4448: $? = 0
configure:4448: result: yes
configure:4448: checking for sys/stat.h
configure:4448: gcc -c -g -O2  conftest.c >&5
configure:4448: $? = 0
configure:4448: result: yes
configure:4448: checking for stdlib.h
configure:4448: gcc -c -g -O2  conftest.c >&5
configure:4448: $? = 0
configure:4448: result: yes
configure:4448: checking for string.h
configure:4448: gcc -c -g -O2  conftest.c >&5
configure:4448: $? = 0
configure:4448: result: yes
configure:4448: checking for memory.h
configure:4448: gcc -c -g -O2  conftest.c >&5
configure:4448: $? = 0
configure:4448: result: yes
configure:4448: checking for strings.h
configure:4448: gcc -c -g -O2  conftest.c >&5
configure:4448: $? = 0
configure:4448: result: yes
configure:4448: checking for inttypes.h
configure:4448: gcc -c -g -O2  conftest.c >&5
configure:4448: $? = 0
configure:4448: result: yes
configure:4448: checking for stdint.h
configure:4448: gcc -c -g -O2  conftest.c >&5
configure:4448: $? = 0
configure:4448: result: yes
configure:4448: checking for unistd.h
configure:4448: gcc -c -g -O2  conftest.c >&5
configure:4448: $? = 0
configure:4448: result: yes
configure:4463: checking arpa/inet.h usability
configure:4463: gcc -c -g -O2  conftest.c >&5
configure:4463: $? = 0
configure:4463: result: yes
configure:4463: checking arpa/inet.h presence
configure:4463: gcc -E  conftest.c
configure:4463: $? = 0
configure:4463: result: yes
configure:4463: checking for arpa/inet.h
configure:4463: result: yes
configure:4463: checking malloc.h usability
configure:4463: gcc -c -g -O2  conftest.c >&5
configure:4463: $? = 0
configure:4463: result: yes
configure:4463: checking malloc.h presence
configure:4463: gcc -E  conftest.c
configure:4463: $? = 0
configure:4463: result: yes
configure:4463: checking for malloc.h
configure:4463: result: yes
configure:4463: checking netinet/in.h usability
configure:4463: gcc -c -g -O2  conftest.c >&5
configure:4463: $? = 0
configure:4463: result: yes
configure:4463: checking netinet/in.h presence
configure:4463: gcc -E  conftest.c
configure:4463: $? = 0
configure:4463: result: yes
configure:4463: checking for netinet/in.h
configure:4463: result: yes
configure:4463: checking for stdlib.h
configure:4463: result: yes
configure:4463: checking for string.h
configure:4463: result: yes
configure:4463: checking sys/socket.h usability
configure:4463: gcc -c -g -O2  conftest.c >&5
configure:4463: $? = 0
configure:4463: result: yes
configure:4463: checking sys/socket.h presence
configure:4463: gcc -E  conftest.c
configure:4463: $? = 0
configure:4463: result: yes
configure:4463: checking for sys/socket.h
configure:4463: result: yes
configure:4463: checking for unistd.h
configure:4463: result: yes
configure:4475: checking for stdbool.h that conforms to C99
configure:4542: gcc -c -g -O2  conftest.c >&5
configure:4542: $? = 0
configure:4549: result: yes
configure:4551: checking for _Bool
configure:4551: gcc -c -g -O2  conftest.c >&5
configure:4551: $? = 0
configure:4551: gcc -c -g -O2  conftest.c >&5
conftest.c: In function 'main':
conftest.c:66:20: error: expected expression before ')' token
 if (sizeof ((_Bool)))
                    ^
configure:4551: $? = 1
configure: failed program was:
| /* confdefs.h */
| #define PACKAGE_NAME "Linkc_Server"
| #define PACKAGE_TARNAME "linkc_server"
| #define PACKAGE_VERSION "1.0"
| #define PACKAGE_STRING "Linkc_Server 1.0"
| #define PACKAGE_BUGREPORT "564691478@qq.com"
| #define PACKAGE_URL ""
| #define PACKAGE "linkc_server"
| #define VERSION "1.0"
| #define HAVE_LIBPTHREAD 1
| #define HAVE_LIBSQLITE3 1
| #define STDC_HEADERS 1
| #define HAVE_SYS_TYPES_H 1
| #define HAVE_SYS_STAT_H 1
| #define HAVE_STDLIB_H 1
| #define HAVE_STRING_H 1
| #define HAVE_MEMORY_H 1
| #define HAVE_STRINGS_H 1
| #define HAVE_INTTYPES_H 1
| #define HAVE_STDINT_H 1
| #define HAVE_UNISTD_H 1
| #define HAVE_ARPA_INET_H 1
| #define HAVE_MALLOC_H 1
| #define HAVE_NETINET_IN_H 1
| #define HAVE_STDLIB_H 1
| #define HAVE_STRING_H 1
| #define HAVE_SYS_SOCKET_H 1
| #define HAVE_UNISTD_H 1
| /* end confdefs.h.  */
| #include <stdio.h>
| #ifdef HAVE_SYS_TYPES_H
| # include <sys/types.h>
| #endif
| #ifdef HAVE_SYS_STAT_H
| # include <sys/stat.h>
| #endif
| #ifdef STDC_HEADERS
| # include <stdlib.h>
| # include <stddef.h>
| #else
| # ifdef HAVE_STDLIB_H
| #  include <stdlib.h>
| # endif
| #endif
| #ifdef HAVE_STRING_H
| # if !defined STDC_HEADERS && defined HAVE_MEMORY_H
| #  include <memory.h>
| # endif
| # include <string.h>
| #endif
| #ifdef HAVE_STRINGS_H
| # include <strings.h>
| #endif
| #ifdef HAVE_INTTYPES_H
| # include <inttypes.h>
| #endif
| #ifdef HAVE_STDINT_H
| # include <stdint.h>
| #endif
| #ifdef HAVE_UNISTD_H
| # include <unistd.h>
| #endif
| int
| main ()
| {
| if (sizeof ((_Bool)))
| 	    return 0;
|   ;
|   return 0;
| }
configure:4551: result: yes
configure:4562: checking for int16_t
configure:4562: gcc -c -g -O2  conftest.c >&5
configure:4562: $? = 0
configure:4562: gcc -c -g -O2  conftest.c >&5
conftest.c: In function 'main':
conftest.c:68:12: error: size of array 'test_array' is negative
 static int test_array [1 - 2 * !((int16_t) (((((int16_t) 1 << N) << N) - 1) * 2 + 1)
            ^
configure:4562: $? = 1
configure: failed program was:
| /* confdefs.h */
| #define PACKAGE_NAME "Linkc_Server"
| #define PACKAGE_TARNAME "linkc_server"
| #define PACKAGE_VERSION "1.0"
| #define PACKAGE_STRING "Linkc_Server 1.0"
| #define PACKAGE_BUGREPORT "564691478@qq.com"
| #define PACKAGE_URL ""
| #define PACKAGE "linkc_server"
| #define VERSION "1.0"
| #define HAVE_LIBPTHREAD 1
| #define HAVE_LIBSQLITE3 1
| #define STDC_HEADERS 1
| #define HAVE_SYS_TYPES_H 1
| #define HAVE_SYS_STAT_H 1
| #define HAVE_STDLIB_H 1
| #define HAVE_STRING_H 1
| #define HAVE_MEMORY_H 1
| #define HAVE_STRINGS_H 1
| #define HAVE_INTTYPES_H 1
| #define HAVE_STDINT_H 1
| #define HAVE_UNISTD_H 1
| #define HAVE_ARPA_INET_H 1
| #define HAVE_MALLOC_H 1
| #define HAVE_NETINET_IN_H 1
| #define HAVE_STDLIB_H 1
| #define HAVE_STRING_H 1
| #define HAVE_SYS_SOCKET_H 1
| #define HAVE_UNISTD_H 1
| #define HAVE__BOOL 1
| /* end confdefs.h.  */
| #include <stdio.h>
| #ifdef HAVE_SYS_TYPES_H
| # include <sys/types.h>
| #endif
| #ifdef HAVE_SYS_STAT_H
| # include <sys/stat.h>
| #endif
| #ifdef STDC_HEADERS
| # include <stdlib.h>
| # include <stddef.h>
| #else
| # ifdef HAVE_STDLIB_H
| #  include <stdlib.h>
| # endif
| #endif
| #ifdef HAVE_STRING_H
| # if !defined STDC_HEADERS && defined HAVE_MEMORY_H
| #  include <memory.h>
| # endif
| # include <string.h>
| #endif
| #ifdef HAVE_STRINGS_H
| # include <strings.h>
| #endif
| #ifdef HAVE_INTTYPES_H
| # include <inttypes.h>
| #endif
| #ifdef HAVE_STDINT_H
| # include <stdint.h>
| #endif
| #ifdef HAVE_UNISTD_H
| # include <unistd.h>
| #endif
| 	        enum { N = 16 / 2 - 1 };
| int
| main ()
| {
| static int test_array [1 - 2 * !((int16_t) (((((int16_t) 1 << N) << N) - 1) * 2 + 1)
| 		 < (int16_t) (((((int16_t) 1 << N) << N) - 1) * 2 + 2))];
| test_array [0] = 0;
| return test_array [0];
| 
|   ;
|   return 0;
| }
configure:4562: result: yes
configure:4573: checking for pid_t
configure:4573: gcc -c -g -O2  conftest.c >&5
configure:4573: $? = 0
configure:4573: gcc -c -g -O2  conftest.c >&5
conftest.c: In function 'main':
conftest.c:67:20: error: expected expression before ')' token
 if (sizeof ((pid_t)))
                    ^
configure:4573: $? = 1
configure: failed program was:
| /* confdefs.h */
| #define PACKAGE_NAME "Linkc_Server"
| #define PACKAGE_TARNAME "linkc_server"
| #define PACKAGE_VERSION "1.0"
| #define PACKAGE_STRING "Linkc_Server 1.0"
| #define PACKAGE_BUGREPORT "564691478@qq.com"
| #define PACKAGE_URL ""
| #define PACKAGE "linkc_server"
| #define VERSION "1.0"
| #define HAVE_LIBPTHREAD 1
| #define HAVE_LIBSQLITE3 1
| #define STDC_HEADERS 1
| #define HAVE_SYS_TYPES_H 1
| #define HAVE_SYS_STAT_H 1
| #define HAVE_STDLIB_H 1
| #define HAVE_STRING_H 1
| #define HAVE_MEMORY_H 1
| #define HAVE_STRINGS_H 1
| #define HAVE_INTTYPES_H 1
| #define HAVE_STDINT_H 1
| #define HAVE_UNISTD_H 1
| #define HAVE_ARPA_INET_H 1
| #define HAVE_MALLOC_H 1
| #define HAVE_NETINET_IN_H 1
| #define HAVE_STDLIB_H 1
| #define HAVE_STRING_H 1
| #define HAVE_SYS_SOCKET_H 1
| #define HAVE_UNISTD_H 1
| #define HAVE__BOOL 1
| /* end confdefs.h.  */
| #include <stdio.h>
| #ifdef HAVE_SYS_TYPES_H
| # include <sys/types.h>
| #endif
| #ifdef HAVE_SYS_STAT_H
| # include <sys/stat.h>
| #endif
| #ifdef STDC_HEADERS
| # include <stdlib.h>
| # include <stddef.h>
| #else
| # ifdef HAVE_STDLIB_H
| #  include <stdlib.h>
| # endif
| #endif
| #ifdef HAVE_STRING_H
| # if !defined STDC_HEADERS && defined HAVE_MEMORY_H
| #  include <memory.h>
| # endif
| # include <string.h>
| #endif
| #ifdef HAVE_STRINGS_H
| # include <strings.h>
| #endif
| #ifdef HAVE_INTTYPES_H
| # include <inttypes.h>
| #endif
| #ifdef HAVE_STDINT_H
| # include <stdint.h>
| #endif
| #ifdef HAVE_UNISTD_H
| # include <unistd.h>
| #endif
| int
| main ()
| {
| if (sizeof ((pid_t)))
| 	    return 0;
|   ;
|   return 0;
| }
configure:4573: result: yes
configure:4584: checking for size_t
configure:4584: gcc -c -g -O2  conftest.c >&5
configure:4584: $? = 0
configure:4584: gcc -c -g -O2  conftest.c >&5
conftest.c: In function 'main':
conftest.c:67:21: error: expected expression before ')' token
 if (sizeof ((size_t)))
                     ^
configure:4584: $? = 1
configure: failed program was:
| /* confdefs.h */
| #define PACKAGE_NAME "Linkc_Server"
| #define PACKAGE_TARNAME "linkc_server"
| #define PACKAGE_VERSION "1.0"
| #define PACKAGE_STRING "Linkc_Server 1.0"
| #define PACKAGE_BUGREPORT "564691478@qq.com"
| #define PACKAGE_URL ""
| #define PACKAGE "linkc_server"
| #define VERSION "1.0"
| #define HAVE_LIBPTHREAD 1
| #define HAVE_LIBSQLITE3 1
| #define STDC_HEADERS 1
| #define HAVE_SYS_TYPES_H 1
| #define HAVE_SYS_STAT_H 1
| #define HAVE_STDLIB_H 1
| #define HAVE_STRING_H 1
| #define HAVE_MEMORY_H 1
| #define HAVE_STRINGS_H 1
| #define HAVE_INTTYPES_H 1
| #define HAVE_STDINT_H 1
| #define HAVE_UNISTD_H 1
| #define HAVE_ARPA_INET_H 1
| #define HAVE_MALLOC_H 1
| #define HAVE_NETINET_IN_H 1
| #define HAVE_STDLIB_H 1
| #define HAVE_STRING_H 1
| #define HAVE_SYS_SOCKET_H 1
| #define HAVE_UNISTD_H 1
| #define HAVE__BOOL 1
| /* end confdefs.h.  */
| #include <stdio.h>
| #ifdef HAVE_SYS_TYPES_H
| # include <sys/types.h>
| #endif
| #ifdef HAVE_SYS_STAT_H
| # include <sys/stat.h>
| #endif
| #ifdef STDC_HEADERS
| # include <stdlib.h>
| # include <stddef.h>
| #else
| # ifdef HAVE_STDLIB_H
| #  include <stdlib.h>
| # endif
| #endif
| #ifdef HAVE_STRING_H
| # if !defined STDC_HEADERS && defined HAVE_MEMORY_H
| #  include <memory.h>
| # endif
| # include <string.h>
| #endif
| #ifdef HAVE_STRINGS_H
| # include <strings.h>
| #endif
| #ifdef HAVE_INTTYPES_H
| # include <inttypes.h>
| #endif
| #ifdef HAVE_STDINT_H
| # include <stdint.h>
| #endif
| #ifdef HAVE_UNISTD_H
| # include <unistd.h>
| #endif
| int
| main ()
| {
| if (sizeof ((size_t)))
| 	    return 0;
|   ;
|   return 0;
| }
configure:4584: result: yes
configure:4595: checking for uint16_t
configure:4595: gcc -c -g -O2  conftest.c >&5
configure:4595: $? = 0
configure:4595: result: yes
configure:4607: checking for uint32_t
configure:4607: gcc -c -g -O2  conftest.c >&5
configure:4607: $? = 0
configure:4607: result: yes
configure:4621: checking for uint8_t
configure:4621: gcc -c -g -O2  conftest.c >&5
configure:4621: $? = 0
configure:4621: result: yes
configure:4679: checking for ranlib
configure:4695: found /usr/bin/ranlib
configure:4706: result: ranlib
configure:4732: checking vfork.h usability
configure:4732: gcc -c -g -O2  conftest.c >&5
conftest.c:64:19: fatal error: vfork.h: No such file or directory
 #include <vfork.h>
                   ^
compilation terminated.
configure:4732: $? = 1
configure: failed program was:
| /* confdefs.h */
| #define PACKAGE_NAME "Linkc_Server"
| #define PACKAGE_TARNAME "linkc_server"
| #define PACKAGE_VERSION "1.0"
| #define PACKAGE_STRING "Linkc_Server 1.0"
| #define PACKAGE_BUGREPORT "564691478@qq.com"
| #define PACKAGE_URL ""
| #define PACKAGE "linkc_server"
| #define VERSION "1.0"
| #define HAVE_LIBPTHREAD 1
| #define HAVE_LIBSQLITE3 1
| #define STDC_HEADERS 1
| #define HAVE_SYS_TYPES_H 1
| #define HAVE_SYS_STAT_H 1
| #define HAVE_STDLIB_H 1
| #define HAVE_STRING_H 1
| #define HAVE_MEMORY_H 1
| #define HAVE_STRINGS_H 1
| #define HAVE_INTTYPES_H 1
| #define HAVE_STDINT_H 1
| #define HAVE_UNISTD_H 1
| #define HAVE_ARPA_INET_H 1
| #define HAVE_MALLOC_H 1
| #define HAVE_NETINET_IN_H 1
| #define HAVE_STDLIB_H 1
| #define HAVE_STRING_H 1
| #define HAVE_SYS_SOCKET_H 1
| #define HAVE_UNISTD_H 1
| #define HAVE__BOOL 1
| /* end confdefs.h.  */
| #include <stdio.h>
| #ifdef HAVE_SYS_TYPES_H
| # include <sys/types.h>
| #endif
| #ifdef HAVE_SYS_STAT_H
| # include <sys/stat.h>
| #endif
| #ifdef STDC_HEADERS
| # include <stdlib.h>
| # include <stddef.h>
| #else
| # ifdef HAVE_STDLIB_H
| #  include <stdlib.h>
| # endif
| #endif
| #ifdef HAVE_STRING_H
| # if !defined STDC_HEADERS && defined HAVE_MEMORY_H
| #  include <memory.h>
| # endif
| # include <string.h>
| #endif
| #ifdef HAVE_STRINGS_H
| # include <strings.h>
| #endif
| #ifdef HAVE_INTTYPES_H
| # include <inttypes.h>
| #endif
| #ifdef HAVE_STDINT_H
| # include <stdint.h>
| #endif
| #ifdef HAVE_UNISTD_H
| # include <unistd.h>
| #endif
| #include <vfork.h>
configure:4732: result: no
configure:4732: checking vfork.h presence
configure:4732: gcc -E  conftest.c
conftest.c:31:19: fatal error: vfork.h: No such file or directory
 #include <vfork.h>
                   ^
compilation terminated.
configure:4732: $? = 1
configure: failed program was:
| /* confdefs.h */
| #define PACKAGE_NAME "Linkc_Server"
| #define PACKAGE_TARNAME "linkc_server"
| #define PACKAGE_VERSION "1.0"
| #define PACKAGE_STRING "Linkc_Server 1.0"
| #define PACKAGE_BUGREPORT "564691478@qq.com"
| #define PACKAGE_URL ""
| #define PACKAGE "linkc_server"
| #define VERSION "1.0"
| #define HAVE_LIBPTHREAD 1
| #define HAVE_LIBSQLITE3 1
| #define STDC_HEADERS 1
| #define HAVE_SYS_TYPES_H 1
| #define HAVE_SYS_STAT_H 1
| #define HAVE_STDLIB_H 1
| #define HAVE_STRING_H 1
| #define HAVE_MEMORY_H 1
| #define HAVE_STRINGS_H 1
| #define HAVE_INTTYPES_H 1
| #define HAVE_STDINT_H 1
| #define HAVE_UNISTD_H 1
| #define HAVE_ARPA_INET_H 1
| #define HAVE_MALLOC_H 1
| #define HAVE_NETINET_IN_H 1
| #define HAVE_STDLIB_H 1
| #define HAVE_STRING_H 1
| #define HAVE_SYS_SOCKET_H 1
| #define HAVE_UNISTD_H 1
| #define HAVE__BOOL 1
| /* end confdefs.h.  */
| #include <vfork.h>
configure:4732: result: no
configure:4732: checking for vfork.h
configure:4732: result: no
configure:4745: checking for fork
configure:4745: gcc -o conftest -g -O2   conftest.c -lsqlite3 -lpthread  >&5
conftest.c:54:6: warning: conflicting types for built-in function 'fork' [enabled by default]
 char fork ();
      ^
configure:4745: $? = 0
configure:4745: result: yes
configure:4745: checking for vfork
configure:4745: gcc -o conftest -g -O2   conftest.c -lsqlite3 -lpthread  >&5
configure:4745: $? = 0
configure:4745: result: yes
configure:4755: checking for working fork
configure:4777: gcc -o conftest -g -O2   conftest.c -lsqlite3 -lpthread  >&5
configure:4777: $? = 0
configure:4777: ./conftest
configure:4777: $? = 0
configure:4787: result: yes
configure:4808: checking for working vfork
configure:4918: result: yes
configure:4945: checking for stdlib.h
configure:4945: result: yes
configure:4955: checking for GNU libc compatible malloc
configure:4979: gcc -o conftest -g -O2   conftest.c -lsqlite3 -lpthread  >&5
configure:4979: $? = 0
configure:4979: ./conftest
configure:4979: $? = 0
configure:4989: result: yes
configure:5013: checking for inet_ntoa
configure:5013: gcc -o conftest -g -O2   conftest.c -lsqlite3 -lpthread  >&5
configure:5013: $? = 0
configure:5013: result: yes
configure:5013: checking for memset
configure:5013: gcc -o conftest -g -O2   conftest.c -lsqlite3 -lpthread  >&5
conftest.c:61:6: warning: conflicting types for built-in function 'memset' [enabled by default]
 char memset ();
      ^
configure:5013: $? = 0
configure:5013: result: yes
configure:5013: checking for socket
configure:5013: gcc -o conftest -g -O2   conftest.c -lsqlite3 -lpthread  >&5
configure:5013: $? = 0
configure:5013: result: yes
configure:5170: checking that generated files are newer than configure
configure:5176: result: done
configure:5199: creating ./config.status

## ---------------- ##
## Cache variables. ##
## ---------------- ##

ac_cv_c_compiler_gnu=yes
ac_cv_c_int16_t=yes
ac_cv_c_uint16_t=yes
ac_cv_c_uint32_t=yes
ac_cv_c_uint8_t=yes
ac_cv_env_CC_set=
ac_cv_env_CC_value=
ac_cv_env_CFLAGS_set=
ac_cv_env_CFLAGS_value=
ac_cv_env_CPPFLAGS_set=
ac_cv_env_CPPFLAGS_value=
ac_cv_env_CPP_set=
ac_cv_env_CPP_value=
ac_cv_env_LDFLAGS_set=
ac_cv_env_LDFLAGS_value=
ac_cv_env_LIBS_set=
ac_cv_env_LIBS_value=
ac_cv_env_build_alias_set=
ac_cv_env_build_alias_value=
ac_cv_env_host_alias_set=
ac_cv_env_host_alias_value=
ac_cv_env_target_alias_set=
ac_cv_env_target_alias_value=
ac_cv_func_fork=yes
ac_cv_func_fork_works=yes
ac_cv_func_inet_ntoa=yes
ac_cv_func_malloc_0_nonnull=yes
ac_cv_func_memset=yes
ac_cv_func_socket=yes
ac_cv_func_vfork=yes
ac_cv_func_vfork_works=yes
ac_cv_header_arpa_inet_h=yes
ac_cv_header_inttypes_h=yes
ac_cv_header_malloc_h=yes
ac_cv_header_memory_h=yes
ac_cv_header_netinet_in_h=yes
ac_cv_header_stdbool_h=yes
ac_cv_header_stdc=yes
ac_cv_header_stdint_h=yes
ac_cv_header_stdlib_h=yes
ac_cv_header_string_h=yes
ac_cv_header_strings_h=yes
ac_cv_header_sys_socket_h=yes
ac_cv_header_sys_stat_h=yes
ac_cv_header_sys_types_h=yes
ac_cv_header_unistd_h=yes
ac_cv_header_vfork_h=no
ac_cv_lib_pthread_main=yes
ac_cv_lib_sqlite3_main=yes
ac_cv_objext=o
ac_cv_path_EGREP='/bin/grep -E'
ac_cv_path_GREP=/bin/grep
ac_cv_path_install='/usr/bin/install -c'
ac_cv_path_mkdir=/bin/mkdir
ac_cv_prog_AWK=gawk
ac_cv_prog_CPP='gcc -E'
ac_cv_prog_ac_ct_CC=gcc
ac_cv_prog_ac_ct_RANLIB=ranlib
ac_cv_prog_cc_c89=
ac_cv_prog_cc_g=yes
ac_cv_prog_make_make_set=yes
ac_cv_type__Bool=yes
ac_cv_type_pid_t=yes
ac_cv_type_size_t=yes
am_cv_CC_dependencies_compiler_type=gcc3
am_cv_make_support_nested_variables=yes
am_cv_prog_cc_c_o=yes

## ----------------- ##
## Output variables. ##
## ----------------- ##

ACLOCAL='${SHELL} /home/tricks/Project/LinkC/server/missing aclocal-1.14'
AMDEPBACKSLASH='\'
AMDEP_FALSE='#'
AMDEP_TRUE=''
AMTAR='$${TAR-tar}'
AM_BACKSLASH='\'
AM_DEFAULT_V='$(AM_DEFAULT_VERBOSITY)'
AM_DEFAULT_VERBOSITY='1'
AM_V='$(V)'
AUTOCONF='${SHELL} /home/tricks/Project/LinkC/server/missing autoconf'
AUTOHEADER='${SHELL} /home/tricks/Project/LinkC/server/missing autoheader'
AUTOMAKE='${SHELL} /home/tricks/Project/LinkC/server/missing automake-1.14'
AWK='gawk'
CC='gcc'
CCDEPMODE='depmode=gcc3'
CFLAGS='-g -O2'
CPP='gcc -E'
CPPFLAGS=''
CYGPATH_W='echo'
DEFS='-DPACKAGE_NAME=\"Linkc_Server\" -DPACKAGE_TARNAME=\"linkc_server\" -DPACKAGE_VERSION=\"1.0\" -DPACKAGE_STRING=\"Linkc_Server\ 1.0\" -DPACKAGE_BUGREPORT=\"564691478@qq.com\" -DPACKAGE_URL=\"\" -DPACKAGE=\"linkc_server\" -DVERSION=\"1.0\" -DHAVE_LIBPTHREAD=1 -DHAVE_LIBSQLITE3=1 -DSTDC_HEADERS=1 -DHAVE_SYS_TYPES_H=1 -DHAVE_SYS_STAT_H=1 -DHAVE_STDLIB_H=1 -DHAVE_STRING_H=1 -DHAVE_MEMORY_H=1 -DHAVE_STRINGS_H=1 -DHAVE_INTTYPES_H=1 -DHAVE_STDINT_H=1 -DHAVE_UNISTD_H=1 -DHAVE_ARPA_INET_H=1 -DHAVE_MALLOC_H=1 -DHAVE_NETINET_IN_H=1 -DHAVE_STDLIB_H=1 -DHAVE_STRING_H=1 -DHAVE_SYS_SOCKET_H=1 -DHAVE_UNISTD_H=1 -DHAVE__BOOL=1 -DHAVE_FORK=1 -DHAVE_VFORK=1 -DHAVE_WORKING_VFORK=1 -DHAVE_WORKING_FORK=1 -DHAVE_STDLIB_H=1 -DHAVE_MALLOC=1 -DHAVE_INET_NTOA=1 -DHAVE_MEMSET=1 -DHAVE_SOCKET=1'
DEPDIR='.deps'
ECHO_C=''
ECHO_N='-n'
ECHO_T=''
EGREP='/bin/grep -E'
EXEEXT=''
GREP='/bin/grep'
INSTALL_DATA='${INSTALL} -m 644'
INSTALL_PROGRAM='${INSTALL}'
INSTALL_SCRIPT='${INSTALL}'
INSTALL_STRIP_PROGRAM='$(install_sh) -c -s'
LDFLAGS=''
LIBOBJS=''
LIBS='-lsqlite3 -lpthread '
LTLIBOBJS=''
MAKEINFO='${SHELL} /home/tricks/Project/LinkC/server/missing makeinfo'
MKDIR_P='/bin/mkdir -p'
OBJEXT='o'
PACKAGE='linkc_server'
PACKAGE_BUGREPORT='564691478@qq.com'
PACKAGE_NAME='Linkc_Server'
PACKAGE_STRING='Linkc_Server 1.0'
PACKAGE_TARNAME='linkc_server'
PACKAGE_URL=''
PACKAGE_VERSION='1.0'
PATH_SEPARATOR=':'
RANLIB='ranlib'
SET_MAKE=''
SHELL='/bin/bash'
STRIP=''
VERSION='1.0'
ac_ct_CC='gcc'
am__EXEEXT_FALSE=''
am__EXEEXT_TRUE='#'
am__fastdepCC_FALSE='#'
am__fastdepCC_TRUE=''
am__include='include'
am__isrc=''
am__leading_dot='.'
am__nodep='_no'
am__quote=''
am__tar='$${TAR-tar} chof - "$$tardir"'
am__untar='$${TAR-tar} xf -'
bindir='${exec_prefix}/bin'
build_alias=''
datadir='${datarootdir}'
datarootdir='${prefix}/share'
docdir='${datarootdir}/doc/${PACKAGE_TARNAME}'
dvidir='${docdir}'
exec_prefix='${prefix}'
host_alias=''
htmldir='${docdir}'
includedir='${prefix}/include'
infodir='${datarootdir}/info'
install_sh='${SHELL} /home/tricks/Project/LinkC/server/install-sh'
libdir='${exec_prefix}/lib'
libexecdir='${exec_prefix}/libexec'
localedir='${datarootdir}/locale'
localstatedir='${prefix}/var'
mandir='${datarootdir}/man'
mkdir_p='$(MKDIR_P)'
oldincludedir='/usr/include'
pdfdir='${docdir}'
prefix='/usr/local'
program_transform_name='s,x,x,'
psdir='${docdir}'
sbindir='${exec_prefix}/sbin'
sharedstatedir='${prefix}/com'
sysconfdir='${prefix}/etc'
target_alias=''

## ----------- ##
## confdefs.h. ##
## ----------- ##

/* confdefs.h */
#define PACKAGE_NAME "Linkc_Server"
#define PACKAGE_TARNAME "linkc_server"
#define PACKAGE_VERSION "1.0"
#define PACKAGE_STRING "Linkc_Server 1.0"
#define PACKAGE_BUGREPORT "564691478@qq.com"
#define PACKAGE_URL ""
#define PACKAGE "linkc_server"
#define VERSION "1.0"
#define HAVE_LIBPTHREAD 1
#define HAVE_LIBSQLITE3 1
#define STDC_HEADERS 1
#define HAVE_SYS_TYPES_H 1
#define HAVE_SYS_STAT_H 1
#define HAVE_STDLIB_H 1
#define HAVE_STRING_H 1
#define HAVE_MEMORY_H 1
#define HAVE_STRINGS_H 1
#define HAVE_INTTYPES_H 1
#define HAVE_STDINT_H 1
#define HAVE_UNISTD_H 1
#define HAVE_ARPA_INET_H 1
#define HAVE_MALLOC_H 1
#define HAVE_NETINET_IN_H 1
#define HAVE_STDLIB_H 1
#define HAVE_STRING_H 1
#define HAVE_SYS_SOCKET_H 1
#define HAVE_UNISTD_H 1
#define HAVE__BOOL 1
#define HAVE_FORK 1
#define HAVE_VFORK 1
#define HAVE_WORKING_VFORK 1
#define HAVE_WORKING_FORK 1
#define HAVE_STDLIB_H 1
#define HAVE_MALLOC 1
#define HAVE_INET_NTOA 1
#define HAVE_MEMSET 1
#define HAVE_SOCKET 1

configure: exit 0

## ---------------------- ##
## Running config.status. ##
## ---------------------- ##

This file was extended by Linkc_Server config.status 1.0, which was
generated by GNU Autoconf 2.69.  Invocation command line was

  CONFIG_FILES    = 
  CONFIG_HEADERS  = 
  CONFIG_LINKS    = 
  CONFIG_COMMANDS = 
  $ ./config.status 

on Home

config.status:788: creating Makefile
config.status:788: creating src/Makefile
config.status:788: creating src/network/Makefile
config.status:788: creating src/network/p2p/Makefile
config.status:788: creating src/network/network_protocol/Makefile
config.status:788: creating src/utilities/Makefile
config.status:788: creating src/utilities/db_ctl/Makefile
config.status:788: creating src/utilities/list/Makefile
config.status:788: creating src/utilities/user/Makefile
config.status:960: executing depfiles commands
